<?xml version="1.0" encoding="UTF-8"?>
<!-- Generated by org.testng.reporters.JUnitReportReporter -->
<testsuite skipped="0" hostname="DESKTOP-Q425D5R" name="tests.PutPatchDeleteExample" tests="3" failures="0" timestamp="2022-05-01T12:22:18 IST" time="4.055" errors="0">
  <testcase name="testPatch" time="0.564" classname="tests.PutPatchDeleteExample"/>
  <system-out/>
  <testcase name="testPut" time="0.290" classname="tests.PutPatchDeleteExample"/>
  <system-out/>
  <testcase name="testDelete" time="3.201" classname="tests.PutPatchDeleteExample"/>
  <system-out/>
</testsuite> <!-- tests.PutPatchDeleteExample -->
