<?xml version="1.0" encoding="UTF-8"?>
<!-- Generated by org.testng.reporters.JUnitReportReporter -->
<testsuite skipped="0" hostname="DESKTOP-Q425D5R" name="tests.GetandPostExample" tests="1" failures="0" timestamp="2022-05-01T11:58:57 IST" time="2.432" errors="0">
  <testcase name="testPost" time="2.432" classname="tests.GetandPostExample"/>
  <system-out/>
</testsuite> <!-- tests.GetandPostExample -->
