<?xml version="1.0" encoding="UTF-8"?>
<!-- Generated by org.testng.reporters.JUnitReportReporter -->
<testsuite skipped="0" hostname="DESKTOP-Q425D5R" name="tests.TestsExample" tests="2" failures="0" timestamp="2022-04-29T05:44:38 IST" time="4.190" errors="0">
  <testcase name="Test_2" time="1.278" classname="tests.TestsExample"/>
  <system-out/>
  <testcase name="Test1" time="2.912" classname="tests.TestsExample"/>
  <system-out/>
</testsuite> <!-- tests.TestsExample -->
